<?xml version="1.0" encoding="UTF-8"?>
<!-- Generated by org.testng.reporters.JUnitReportReporter -->
<testsuite skipped="0" hostname="ADMIN-PC" name="com.crm.qa.testdata.DataProvider2" tests="3" failures="0" timestamp="2020-07-05T23:16:07 IST" time="103.088" errors="0">
  <testcase name="Login" time="36.333" classname="com.crm.qa.testdata.DataProvider2"/>
  <testcase name="Login" time="36.118" classname="com.crm.qa.testdata.DataProvider2"/>
  <testcase name="Login" time="30.637" classname="com.crm.qa.testdata.DataProvider2"/>
</testsuite> <!-- com.crm.qa.testdata.DataProvider2 -->
