<?xml version="1.0" encoding="UTF-8"?>
<!-- Generated by org.testng.reporters.JUnitReportReporter -->
<testsuite skipped="0" hostname="ADMIN-PC" name="com.crn.qa.testcases.windowspopup" tests="1" failures="0" timestamp="2020-07-18T13:21:32 IST" time="32.641" errors="0">
  <testcase name="BootStrapDropDown" time="32.641" classname="com.crn.qa.testcases.windowspopup"/>
</testsuite> <!-- com.crn.qa.testcases.windowspopup -->
