<?xml version="1.0" encoding="UTF-8"?>
<!-- Generated by org.testng.reporters.JUnitReportReporter -->
<testsuite skipped="0" hostname="ADMIN-PC" name="com.crn.qa.testcases.LoginPageTest" tests="3" failures="0" timestamp="2020-07-18T15:46:09 IST" time="32.304" errors="1">
  <testcase name="loginTitleTest" time="6.629" classname="com.crn.qa.testcases.LoginPageTest"/>
  <testcase name="loginImageTest" time="12.743" classname="com.crn.qa.testcases.LoginPageTest"/>
  <testcase name="loginTest" time="12.932" classname="com.crn.qa.testcases.LoginPageTest">
    <error type="java.lang.Error" message="Unresolved compilation problems: 
	Syntax error on token &quot;{&quot;, { expected after this token
	Syntax error, insert &quot;}&quot; to complete Block
	Syntax error on token &quot;=&quot;, ; expected
">
      <![CDATA[java.lang.Error: Unresolved compilation problems: 
Syntax error on token "{", { expected after this token
Syntax error, insert "}" to complete Block
Syntax error on token "=", ; expected

at com.crm.qa.pages.Reservation.<init>(Reservation.java:7)
at com.crm.qa.pages.LoginPage.Login(LoginPage.java:41)
at com.crn.qa.testcases.LoginPageTest.loginTest(LoginPageTest.java:57)
at sun.reflect.NativeMethodAccessorImpl.invoke0(Native Method)
at sun.reflect.NativeMethodAccessorImpl.invoke(NativeMethodAccessorImpl.java:62)
at sun.reflect.DelegatingMethodAccessorImpl.invoke(DelegatingMethodAccessorImpl.java:43)
at java.lang.reflect.Method.invoke(Method.java:498)
at org.testng.internal.MethodInvocationHelper.invokeMethod(MethodInvocationHelper.java:133)
at org.testng.internal.TestInvoker.invokeMethod(TestInvoker.java:584)
at org.testng.internal.TestInvoker.invokeTestMethod(TestInvoker.java:172)
at org.testng.internal.MethodRunner.runInSequence(MethodRunner.java:46)
at org.testng.internal.TestInvoker$MethodInvocationAgent.invoke(TestInvoker.java:804)
at org.testng.internal.TestInvoker.invokeTestMethods(TestInvoker.java:145)
at org.testng.internal.TestMethodWorker.invokeTestMethods(TestMethodWorker.java:146)
at org.testng.internal.TestMethodWorker.run(TestMethodWorker.java:128)
at java.util.ArrayList.forEach(ArrayList.java:1249)
at org.testng.TestRunner.privateRun(TestRunner.java:770)
at org.testng.TestRunner.run(TestRunner.java:591)
at org.testng.SuiteRunner.runTest(SuiteRunner.java:402)
at org.testng.SuiteRunner.runSequentially(SuiteRunner.java:396)
at org.testng.SuiteRunner.privateRun(SuiteRunner.java:355)
at org.testng.SuiteRunner.run(SuiteRunner.java:304)
at org.testng.SuiteRunnerWorker.runSuite(SuiteRunnerWorker.java:53)
at org.testng.SuiteRunnerWorker.run(SuiteRunnerWorker.java:96)
at org.testng.TestNG.runSuitesSequentially(TestNG.java:1180)
at org.testng.TestNG.runSuitesLocally(TestNG.java:1102)
at org.testng.TestNG.runSuites(TestNG.java:1032)
at org.testng.TestNG.run(TestNG.java:1000)
at org.testng.remote.AbstractRemoteTestNG.run(AbstractRemoteTestNG.java:115)
at org.testng.remote.RemoteTestNG.initAndRun(RemoteTestNG.java:251)
at org.testng.remote.RemoteTestNG.main(RemoteTestNG.java:77)
]]>
    </error>
  </testcase> <!-- loginTest -->
</testsuite> <!-- com.crn.qa.testcases.LoginPageTest -->
