<?xml version="1.0" encoding="UTF-8"?>
<!-- Generated by org.testng.reporters.JUnitReportReporter -->
<testsuite skipped="0" hostname="ADMIN-PC" name="com.crm.qa.testng.firsttestng" tests="2" failures="0" timestamp="2020-09-05T23:37:19 IST" time="21.775" errors="0">
  <testcase name="register" time="11.471" classname="com.crm.qa.testng.firsttestng"/>
  <system-out/>
  <testcase name="support" time="10.304" classname="com.crm.qa.testng.firsttestng"/>
  <system-out/>
</testsuite> <!-- com.crm.qa.testng.firsttestng -->
