<?xml version="1.0" encoding="UTF-8"?>
<!-- Generated by org.testng.reporters.JUnitReportReporter -->
<testsuite skipped="0" hostname="ADMIN-PC" name="com.crm.qa.testng.Grouping" tests="2" failures="0" timestamp="2020-08-21T13:56:10 IST" time="0.047" errors="0">
  <testcase name="car1" time="0.016" classname="com.crm.qa.testng.Grouping"/>
  <testcase name="car" time="0.031" classname="com.crm.qa.testng.Grouping"/>
</testsuite> <!-- com.crm.qa.testng.Grouping -->
